C:\Program Files (x86)\Microsoft Visual Studio\2019\Community\MSBuild\Microsoft\VC\v160\Microsoft.CppBuild.targets(513,5): warning MSB8028: The intermediate directory (x64\Release\) contains files shared from another project (VulkanTriangle.vcxproj).  This can lead to incorrect clean and rebuild behavior.
  application.cpp
F:\Cpp-projects\Vulkan\renderer.h(24,28): warning C4267: 'return': conversion from 'size_t' to 'uint32_t', possible loss of data
F:\Cpp-projects\Vulkan\application.cpp(93,73): warning C4838: conversion from 'GLFWwindow *' to 'bool' requires a narrowing conversion
  buffer.cpp
  camera.cpp
  imgui.cpp
  imgui_demo.cpp
  imgui_draw.cpp
  imgui_impl_glfw.cpp
  imgui_impl_vulkan.cpp
  imgui_tables.cpp
  imgui_widgets.cpp
  descriptors.cpp
F:\Cpp-projects\Vulkan\descriptors.cpp(182,94): warning C4267: 'argument': conversion from 'size_t' to 'uint32_t', possible loss of data
  device.cpp
  exo_db.cpp
  exo_gui.cpp
  keyboard_mouse_movement_controller.cpp
F:\Cpp-projects\Vulkan\keyboard_mouse_movement_controller.cpp(21,48): warning C4244: '-=': conversion from 'double' to 'T', possible loss of data
          with
          [
              T=float
          ]
F:\Cpp-projects\Vulkan\keyboard_mouse_movement_controller.cpp(24,56): warning C4244: '+=': conversion from 'double' to 'T', possible loss of data
          with
          [
              T=float
          ]
F:\Cpp-projects\Vulkan\keyboard_mouse_movement_controller.cpp(27,48): warning C4244: '+=': conversion from 'double' to 'T', possible loss of data
          with
          [
              T=float
          ]
F:\Cpp-projects\Vulkan\keyboard_mouse_movement_controller.cpp(30,56): warning C4244: '-=': conversion from 'double' to 'T', possible loss of data
          with
          [
              T=float
          ]
  main.cpp
F:\Cpp-projects\Vulkan\renderer.h(24,28): warning C4267: 'return': conversion from 'size_t' to 'uint32_t', possible loss of data
  model.cpp
  object.cpp
  pipeline.cpp
  primitive_model_system.cpp
  Compiling...
  renderer.cpp
F:\Cpp-projects\Vulkan\renderer.h(24,28): warning C4267: 'return': conversion from 'size_t' to 'uint32_t', possible loss of data
  simple_render_system.cpp
F:\Cpp-projects\Vulkan\renderer.h(24,28): warning C4267: 'return': conversion from 'size_t' to 'uint32_t', possible loss of data
  swapchain.cpp
  window.cpp
  sqlite3.c
  Generating code
  Previous IPDB not found, fall back to full compilation.
F:\Cpp-projects\Vulkan\pipeline.cpp(53): warning C4715: 'exo::ExoPipeline::readFile': not all control paths return a value
  All 7789 functions were compiled because no usable IPDB/IOBJ from previous compilation was found.
  Finished generating code
  Vulkan.vcxproj -> F:\Cpp-projects\Vulkan\x64\Release\Exo.exe
