f:\cpp-projects\vulkan\x64\release\vc142.pdb
f:\cpp-projects\vulkan\x64\release\window.obj
f:\cpp-projects\vulkan\x64\release\swapchain.obj
f:\cpp-projects\vulkan\x64\release\simple_render_system.obj
f:\cpp-projects\vulkan\x64\release\renderer.obj
f:\cpp-projects\vulkan\x64\release\primitive_model_system.obj
f:\cpp-projects\vulkan\x64\release\pipeline.obj
f:\cpp-projects\vulkan\x64\release\object.obj
f:\cpp-projects\vulkan\x64\release\model.obj
f:\cpp-projects\vulkan\x64\release\main.obj
f:\cpp-projects\vulkan\x64\release\keyboard_mouse_movement_controller.obj
f:\cpp-projects\vulkan\x64\release\device.obj
f:\cpp-projects\vulkan\x64\release\descriptors.obj
f:\cpp-projects\vulkan\x64\release\camera.obj
f:\cpp-projects\vulkan\x64\release\buffer.obj
f:\cpp-projects\vulkan\x64\release\application.obj
f:\cpp-projects\vulkan\x64\release\vulkantriangle.exe
f:\cpp-projects\vulkan\x64\release\vulkantriangle.pdb
f:\cpp-projects\vulkan\x64\release\vulkantriangle.ipdb
f:\cpp-projects\vulkan\x64\release\vulkantriangle.iobj
f:\cpp-projects\vulkan\x64\release\vulkantriangle.tlog\cl.command.1.tlog
f:\cpp-projects\vulkan\x64\release\vulkantriangle.tlog\cl.read.1.tlog
f:\cpp-projects\vulkan\x64\release\vulkantriangle.tlog\cl.write.1.tlog
f:\cpp-projects\vulkan\x64\release\vulkantriangle.tlog\link.command.1.tlog
f:\cpp-projects\vulkan\x64\release\vulkantriangle.tlog\link.read.1.tlog
f:\cpp-projects\vulkan\x64\release\vulkantriangle.tlog\link.write.1.tlog
f:\cpp-projects\vulkan\x64\release\vulkantriangle.tlog\vulkantriangle.write.1u.tlog
