C:\Program Files (x86)\Microsoft Visual Studio\2019\Community\MSBuild\Microsoft\VC\v160\Microsoft.CppBuild.targets(513,5): warning MSB8028: The intermediate directory (Debug\) contains files shared from another project (Vulkan.vcxproj).  This can lead to incorrect clean and rebuild behavior.
  application.cpp
F:\Cpp-projects\Vulkan\pipeline.h(29,35): error C2440: 'initializing': cannot convert from 'nullptr' to 'VkPipelineLayout'
F:\Cpp-projects\Vulkan\pipeline.h(29,37): message : A native nullptr can only be converted to bool or, using reinterpret_cast, to an integral type
F:\Cpp-projects\Vulkan\pipeline.h(29,35): error C2439: 'exo::PipelineConfigInfo::pipelineLayout': member could not be initialized
F:\Cpp-projects\Vulkan\pipeline.h(29): message : see declaration of 'exo::PipelineConfigInfo::pipelineLayout'
F:\Cpp-projects\Vulkan\pipeline.h(30,27): error C2440: 'initializing': cannot convert from 'nullptr' to 'VkRenderPass'
F:\Cpp-projects\Vulkan\pipeline.h(30,29): message : A native nullptr can only be converted to bool or, using reinterpret_cast, to an integral type
F:\Cpp-projects\Vulkan\pipeline.h(30,27): error C2439: 'exo::PipelineConfigInfo::renderPass': member could not be initialized
F:\Cpp-projects\Vulkan\pipeline.h(30): message : see declaration of 'exo::PipelineConfigInfo::renderPass'
F:\Cpp-projects\Vulkan\application.cpp(49,21): warning C4018: '<': signed/unsigned mismatch
F:\Cpp-projects\Vulkan\application.cpp(77,21): warning C4018: '<': signed/unsigned mismatch
F:\Cpp-projects\Vulkan\application.cpp(92,73): warning C4838: conversion from 'GLFWwindow *' to 'bool' requires a narrowing conversion
  buffer.cpp
F:\Cpp-projects\Vulkan\buffer.cpp(94,34): warning C4244: 'argument': conversion from 'VkDeviceSize' to 'size_t', possible loss of data
F:\Cpp-projects\Vulkan\buffer.cpp(99,37): warning C4244: 'argument': conversion from 'VkDeviceSize' to 'size_t', possible loss of data
  exo_db.cpp
  exo_gui.cpp
  main.cpp
  pipeline.cpp
F:\Cpp-projects\Vulkan\pipeline.h(29,35): error C2440: 'initializing': cannot convert from 'nullptr' to 'VkPipelineLayout'
F:\Cpp-projects\Vulkan\pipeline.h(29,37): message : A native nullptr can only be converted to bool or, using reinterpret_cast, to an integral type
F:\Cpp-projects\Vulkan\pipeline.h(29,35): error C2439: 'exo::PipelineConfigInfo::pipelineLayout': member could not be initialized
F:\Cpp-projects\Vulkan\pipeline.h(29): message : see declaration of 'exo::PipelineConfigInfo::pipelineLayout'
F:\Cpp-projects\Vulkan\pipeline.h(30,27): error C2440: 'initializing': cannot convert from 'nullptr' to 'VkRenderPass'
F:\Cpp-projects\Vulkan\pipeline.h(30,29): message : A native nullptr can only be converted to bool or, using reinterpret_cast, to an integral type
F:\Cpp-projects\Vulkan\pipeline.h(30,27): error C2439: 'exo::PipelineConfigInfo::renderPass': member could not be initialized
F:\Cpp-projects\Vulkan\pipeline.h(30): message : see declaration of 'exo::PipelineConfigInfo::renderPass'
F:\Cpp-projects\Vulkan\pipeline.cpp(68,1): error C2446: '!=': no conversion from 'nullptr' to 'const VkPipelineLayout'
F:\Cpp-projects\Vulkan\pipeline.cpp(66,1): message : A native nullptr can only be converted to bool or, using reinterpret_cast, to an integral type
F:\Cpp-projects\Vulkan\pipeline.cpp(71,1): error C2446: '!=': no conversion from 'nullptr' to 'const VkRenderPass'
F:\Cpp-projects\Vulkan\pipeline.cpp(69,1): message : A native nullptr can only be converted to bool or, using reinterpret_cast, to an integral type
  primitive_model_system.cpp
  simple_render_system.cpp
F:\Cpp-projects\Vulkan\pipeline.h(29,35): error C2440: 'initializing': cannot convert from 'nullptr' to 'VkPipelineLayout'
F:\Cpp-projects\Vulkan\pipeline.h(29,37): message : A native nullptr can only be converted to bool or, using reinterpret_cast, to an integral type
F:\Cpp-projects\Vulkan\pipeline.h(29,35): error C2439: 'exo::PipelineConfigInfo::pipelineLayout': member could not be initialized
F:\Cpp-projects\Vulkan\pipeline.h(29): message : see declaration of 'exo::PipelineConfigInfo::pipelineLayout'
F:\Cpp-projects\Vulkan\pipeline.h(30,27): error C2440: 'initializing': cannot convert from 'nullptr' to 'VkRenderPass'
F:\Cpp-projects\Vulkan\pipeline.h(30,29): message : A native nullptr can only be converted to bool or, using reinterpret_cast, to an integral type
F:\Cpp-projects\Vulkan\pipeline.h(30,27): error C2439: 'exo::PipelineConfigInfo::renderPass': member could not be initialized
F:\Cpp-projects\Vulkan\pipeline.h(30): message : see declaration of 'exo::PipelineConfigInfo::renderPass'
F:\Cpp-projects\Vulkan\simple_render_system.cpp(50,3): error C2446: '!=': no conversion from 'nullptr' to 'VkPipelineLayout'
F:\Cpp-projects\Vulkan\simple_render_system.cpp(50,3): message : A native nullptr can only be converted to bool or, using reinterpret_cast, to an integral type
F:\Cpp-projects\Vulkan\pipeline.h(29,37): error C2440: 'initializing': cannot convert from 'nullptr' to 'VkPipelineLayout'
F:\Cpp-projects\Vulkan\pipeline.h(29,37): message : A native nullptr can only be converted to bool or, using reinterpret_cast, to an integral type
F:\Cpp-projects\Vulkan\pipeline.h(30,29): error C2440: 'initializing': cannot convert from 'nullptr' to 'VkRenderPass'
F:\Cpp-projects\Vulkan\pipeline.h(30,29): message : A native nullptr can only be converted to bool or, using reinterpret_cast, to an integral type
  swapchain.cpp
F:\Cpp-projects\Vulkan\swapchain.cpp(43,33): error C2446: '!=': no conversion from 'nullptr' to 'VkSwapchainKHR'
F:\Cpp-projects\Vulkan\swapchain.cpp(43,26): message : A native nullptr can only be converted to bool or, using reinterpret_cast, to an integral type
F:\Cpp-projects\Vulkan\swapchain.cpp(45,32): error C2440: '=': cannot convert from 'nullptr' to 'VkSwapchainKHR'
F:\Cpp-projects\Vulkan\swapchain.cpp(45,25): message : A native nullptr can only be converted to bool or, using reinterpret_cast, to an integral type
F:\Cpp-projects\Vulkan\swapchain.cpp(48,27): warning C4018: '<': signed/unsigned mismatch
F:\Cpp-projects\Vulkan\swapchain.cpp(306,27): warning C4018: '<': signed/unsigned mismatch
  window.cpp
  Generating Code...
