f:\cpp-projects\vulkan\x64\debug\vc142.pdb
f:\cpp-projects\vulkan\x64\debug\vc142.idb
f:\cpp-projects\vulkan\x64\debug\window.obj
f:\cpp-projects\vulkan\x64\debug\swapchain.obj
f:\cpp-projects\vulkan\x64\debug\simple_render_system.obj
f:\cpp-projects\vulkan\x64\debug\renderer.obj
f:\cpp-projects\vulkan\x64\debug\primitive_model_system.obj
f:\cpp-projects\vulkan\x64\debug\pipeline.obj
f:\cpp-projects\vulkan\x64\debug\object.obj
f:\cpp-projects\vulkan\x64\debug\model.obj
f:\cpp-projects\vulkan\x64\debug\main.obj
f:\cpp-projects\vulkan\x64\debug\keyboard_mouse_movement_controller.obj
f:\cpp-projects\vulkan\x64\debug\device.obj
f:\cpp-projects\vulkan\x64\debug\descriptors.obj
f:\cpp-projects\vulkan\x64\debug\camera.obj
f:\cpp-projects\vulkan\x64\debug\buffer.obj
f:\cpp-projects\vulkan\x64\debug\application.obj
f:\cpp-projects\vulkan\x64\debug\vulkantriangle.exe
f:\cpp-projects\vulkan\x64\debug\vulkantriangle.ilk
f:\cpp-projects\vulkan\x64\debug\vulkantriangle.pdb
f:\cpp-projects\vulkan\x64\debug\vulkantriangle.tlog\cl.command.1.tlog
f:\cpp-projects\vulkan\x64\debug\vulkantriangle.tlog\cl.read.1.tlog
f:\cpp-projects\vulkan\x64\debug\vulkantriangle.tlog\cl.write.1.tlog
f:\cpp-projects\vulkan\x64\debug\vulkantriangle.tlog\link.command.1.tlog
f:\cpp-projects\vulkan\x64\debug\vulkantriangle.tlog\link.read.1.tlog
f:\cpp-projects\vulkan\x64\debug\vulkantriangle.tlog\link.write.1.tlog
